{
  "stats": {
    "suites": 1,
    "tests": 6,
    "passes": 6,
    "pending": 0,
    "failures": 0,
    "start": "2024-11-17T12:08:22.811Z",
    "end": "2024-11-17T12:08:23.023Z",
    "duration": 212,
    "testsRegistered": 6,
    "passPercent": 100,
    "pendingPercent": 0,
    "other": 0,
    "hasOther": false,
    "skipped": 0,
    "hasSkipped": false
  },
  "results": [
    {
      "uuid": "261988ed-68ee-4ff1-860d-c0cad3f39203",
      "title": "",
      "fullFile": "E:\\Luar Sekolah - Beasiswa ( Belajar Bekerja )\\Tugas\\Minggu 16 (Testing)\\Tugas-14-Crud-Web-Login_LuarSekolah_Bima-Prawawng-Saputra_Job-Connector_Batch-1_FullStack-Web-Dev\\test\\backend.test.js",
      "file": "\\test\\backend.test.js",
      "beforeHooks": [],
      "afterHooks": [],
      "tests": [],
      "suites": [
        {
          "uuid": "2c36471e-3180-48f4-9b9b-03d151e2d865",
          "title": "Pengujian Backend",
          "fullFile": "E:\\Luar Sekolah - Beasiswa ( Belajar Bekerja )\\Tugas\\Minggu 16 (Testing)\\Tugas-14-Crud-Web-Login_LuarSekolah_Bima-Prawawng-Saputra_Job-Connector_Batch-1_FullStack-Web-Dev\\test\\backend.test.js",
          "file": "\\test\\backend.test.js",
          "beforeHooks": [
            {
              "title": "\"before all\" hook in \"Pengujian Backend\"",
              "fullTitle": "Pengujian Backend \"before all\" hook in \"Pengujian Backend\"",
              "timedOut": false,
              "duration": 104,
              "state": null,
              "speed": null,
              "pass": false,
              "fail": false,
              "pending": false,
              "context": null,
              "code": "request(app)\n  .post(\"/api/login\")\n  .send({ username: \"dosen1\", password: \"password123\" })\n  .end(function (err, res) {\n    if (err) return done(err);\n    tokenDosen = res.body.token;\n    done();\n  });",
              "err": {},
              "uuid": "e19fcb09-0f82-49c8-9d04-4417125672b3",
              "parentUUID": "2c36471e-3180-48f4-9b9b-03d151e2d865",
              "isHook": true,
              "skipped": false
            },
            {
              "title": "\"before all\" hook in \"Pengujian Backend\"",
              "fullTitle": "Pengujian Backend \"before all\" hook in \"Pengujian Backend\"",
              "timedOut": false,
              "duration": 57,
              "state": null,
              "speed": null,
              "pass": false,
              "fail": false,
              "pending": false,
              "context": null,
              "code": "request(app)\n  .post(\"/api/login\")\n  .send({ username: \"mahasiswa1\", password: \"password123\" })\n  .end(function (err, res) {\n    if (err) return done(err);\n    tokenMahasiswa = res.body.token;\n    done();\n  });",
              "err": {},
              "uuid": "38b478ad-4dcf-4d38-b4cc-55bd31d44e5d",
              "parentUUID": "2c36471e-3180-48f4-9b9b-03d151e2d865",
              "isHook": true,
              "skipped": false
            }
          ],
          "afterHooks": [],
          "tests": [
            {
              "title": "Dosen dapat mengambil daftar mahasiswa",
              "fullTitle": "Pengujian Backend Dosen dapat mengambil daftar mahasiswa",
              "timedOut": false,
              "duration": 8,
              "state": "passed",
              "speed": "fast",
              "pass": true,
              "fail": false,
              "pending": false,
              "context": null,
              "code": "request(app)\n  .get(\"/api/mahasiswa\")\n  .set(\"Authorization\", `Bearer ${tokenDosen}`)\n  .end(function (err, res) {\n    expect(res.status).to.equal(200);\n    expect(res.body).to.be.an(\"array\");\n    done();\n  });",
              "err": {},
              "uuid": "ea747259-8f48-41f5-8d0d-4809288cf8e8",
              "parentUUID": "2c36471e-3180-48f4-9b9b-03d151e2d865",
              "isHook": false,
              "skipped": false
            },
            {
              "title": "Mahasiswa tidak dapat mengambil daftar mahasiswa",
              "fullTitle": "Pengujian Backend Mahasiswa tidak dapat mengambil daftar mahasiswa",
              "timedOut": false,
              "duration": 4,
              "state": "passed",
              "speed": "fast",
              "pass": true,
              "fail": false,
              "pending": false,
              "context": null,
              "code": "request(app)\n  .get(\"/api/mahasiswa\")\n  .set(\"Authorization\", `Bearer ${tokenMahasiswa}`)\n  .end(function (err, res) {\n    expect(res.status).to.equal(403);\n    done();\n  });",
              "err": {},
              "uuid": "908b5cd8-1bbb-4494-88d3-7f568507f2a9",
              "parentUUID": "2c36471e-3180-48f4-9b9b-03d151e2d865",
              "isHook": false,
              "skipped": false
            },
            {
              "title": "Dosen dapat menambahkan mahasiswa baru",
              "fullTitle": "Pengujian Backend Dosen dapat menambahkan mahasiswa baru",
              "timedOut": false,
              "duration": 14,
              "state": "passed",
              "speed": "fast",
              "pass": true,
              "fail": false,
              "pending": false,
              "context": null,
              "code": "request(app)\n  .post(\"/api/mahasiswa\")\n  .set(\"Authorization\", `Bearer ${tokenDosen}`)\n  .send({ nama: \"Mahasiswa C\", nim: \"345678\", jurusan: \"Teknik Elektro\" })\n  .end(function (err, res) {\n    expect(res.status).to.equal(200);\n    expect(res.body).to.have.property(\"id\");\n    mahasiswaId = res.body.id; // Simpan ID untuk pengujian selanjutnya\n    done();\n  });",
              "err": {},
              "uuid": "b765d5ac-574a-45e0-b035-540dc31b7a44",
              "parentUUID": "2c36471e-3180-48f4-9b9b-03d151e2d865",
              "isHook": false,
              "skipped": false
            },
            {
              "title": "Mahasiswa tidak dapat menambahkan mahasiswa baru",
              "fullTitle": "Pengujian Backend Mahasiswa tidak dapat menambahkan mahasiswa baru",
              "timedOut": false,
              "duration": 5,
              "state": "passed",
              "speed": "fast",
              "pass": true,
              "fail": false,
              "pending": false,
              "context": null,
              "code": "request(app)\n  .post(\"/api/mahasiswa\")\n  .set(\"Authorization\", `Bearer ${tokenMahasiswa}`)\n  .send({ nama: \"Mahasiswa D\", nim: \"901234\", jurusan: \"Teknik Mesin\" })\n  .end(function (err, res) {\n    expect(res.status).to.equal(403);\n    done();\n  });",
              "err": {},
              "uuid": "e6f68c46-ce38-4056-a513-0541b951538d",
              "parentUUID": "2c36471e-3180-48f4-9b9b-03d151e2d865",
              "isHook": false,
              "skipped": false
            },
            {
              "title": "Dosen dapat menghapus mahasiswa",
              "fullTitle": "Pengujian Backend Dosen dapat menghapus mahasiswa",
              "timedOut": false,
              "duration": 8,
              "state": "passed",
              "speed": "fast",
              "pass": true,
              "fail": false,
              "pending": false,
              "context": null,
              "code": "request(app)\n  .delete(`/api/mahasiswa/${mahasiswaId}`)\n  .set(\"Authorization\", `Bearer ${tokenDosen}`)\n  .end(function (err, res) {\n    expect(res.status).to.equal(200);\n    expect(res.body).to.have.property(\"message\");\n    done();\n  });",
              "err": {},
              "uuid": "11f9e80f-9a72-4165-8087-65b2e548eba7",
              "parentUUID": "2c36471e-3180-48f4-9b9b-03d151e2d865",
              "isHook": false,
              "skipped": false
            },
            {
              "title": "Mahasiswa tidak dapat menghapus mahasiswa",
              "fullTitle": "Pengujian Backend Mahasiswa tidak dapat menghapus mahasiswa",
              "timedOut": false,
              "duration": 4,
              "state": "passed",
              "speed": "fast",
              "pass": true,
              "fail": false,
              "pending": false,
              "context": null,
              "code": "request(app)\n  .delete(`/api/mahasiswa/${mahasiswaId}`)\n  .set(\"Authorization\", `Bearer ${tokenMahasiswa}`)\n  .end(function (err, res) {\n    expect(res.status).to.equal(403);\n    done();\n  });",
              "err": {},
              "uuid": "977dd8da-0581-44a7-be95-e2828e5ff24a",
              "parentUUID": "2c36471e-3180-48f4-9b9b-03d151e2d865",
              "isHook": false,
              "skipped": false
            }
          ],
          "suites": [],
          "passes": [
            "ea747259-8f48-41f5-8d0d-4809288cf8e8",
            "908b5cd8-1bbb-4494-88d3-7f568507f2a9",
            "b765d5ac-574a-45e0-b035-540dc31b7a44",
            "e6f68c46-ce38-4056-a513-0541b951538d",
            "11f9e80f-9a72-4165-8087-65b2e548eba7",
            "977dd8da-0581-44a7-be95-e2828e5ff24a"
          ],
          "failures": [],
          "pending": [],
          "skipped": [],
          "duration": 43,
          "root": false,
          "rootEmpty": false,
          "_timeout": 2000
        }
      ],
      "passes": [],
      "failures": [],
      "pending": [],
      "skipped": [],
      "duration": 0,
      "root": true,
      "rootEmpty": true,
      "_timeout": 2000
    }
  ],
  "meta": {
    "mocha": {
      "version": "10.8.2"
    },
    "mochawesome": {
      "options": {
        "quiet": false,
        "reportFilename": "mochawesome",
        "saveHtml": true,
        "saveJson": true,
        "consoleReporter": "spec",
        "useInlineDiffs": false,
        "code": true
      },
      "version": "7.1.3"
    },
    "marge": {
      "options": null,
      "version": "6.2.0"
    }
  }
}